<?xml version="1.0" encoding="UTF-8"?>
<!-- Generated by org.testng.reporters.JUnitXMLReporter -->
<testsuite hostname="Chan" ignored="14" name="DemoTest" tests="2" failures="0" timestamp="06 Dec 2021 17:17:24 GMT" time="33.36" errors="0">
  <testcase name="cickOnSaveAndAllTheFillSareSaveOrNot" time="19.862" classname="com.crm.SDET26.Opportunity.ClickOnSaveAndAllTheFillSareSaveOrNot"/>
  <testcase name="clickOnCancelAndAlltheFillsClearedorNot" time="25.022" classname="com.crm.SDET26.Opportunity.ClickOnCancelAndAllTheFillsAreClearOrNot"/>
  <testcase name="@BeforeSuite dataBaseConnection" time="0.0" classname="com.crm.SDET26.genericUtility.BaseClass">
    <ignored/>
  </testcase> <!-- @BeforeSuite dataBaseConnection -->
  <testcase name="@BeforeSuite dataBaseConnection" time="0.0" classname="com.crm.SDET26.genericUtility.BaseClass">
    <ignored/>
  </testcase> <!-- @BeforeSuite dataBaseConnection -->
  <testcase name="@BeforeSuite dataBaseConnection" time="0.0" classname="com.crm.SDET26.genericUtility.BaseClass">
    <ignored/>
  </testcase> <!-- @BeforeSuite dataBaseConnection -->
  <testcase name="@BeforeSuite dataBaseConnection" time="0.0" classname="com.crm.SDET26.genericUtility.BaseClass">
    <ignored/>
  </testcase> <!-- @BeforeSuite dataBaseConnection -->
  <testcase name="@BeforeSuite dataBaseConnection" time="0.0" classname="com.crm.SDET26.genericUtility.BaseClass">
    <ignored/>
  </testcase> <!-- @BeforeSuite dataBaseConnection -->
  <testcase name="createOpportunitywithSalesStageClosedWon" time="0.0" classname="com.crm.SDET26.Opportunity.CreateOpportunitywithSalesStageClosedWon">
    <ignored/>
  </testcase> <!-- createOpportunitywithSalesStageClosedWon -->
  <testcase name="createOpportunitywithSalesStageNegotiationOrReview" time="0.0" classname="com.crm.SDET26.Opportunity.CreateOpportunitywithSalesStageNegotiationOrReview">
    <ignored/>
  </testcase> <!-- createOpportunitywithSalesStageNegotiationOrReview -->
  <testcase name="createOpportunityWithSalesStageProposalOrPriceQuote" time="0.0" classname="com.crm.SDET26.Opportunity.CreateOpportunityWithSalesStageProposalOrPriceQuote">
    <ignored/>
  </testcase> <!-- createOpportunityWithSalesStageProposalOrPriceQuote -->
  <testcase name="@AfterSuite disconnectDB" time="0.0" classname="com.crm.SDET26.genericUtility.BaseClass">
    <ignored/>
  </testcase> <!-- @AfterSuite disconnectDB -->
  <testcase name="@AfterSuite disconnectDB" time="0.0" classname="com.crm.SDET26.genericUtility.BaseClass">
    <ignored/>
  </testcase> <!-- @AfterSuite disconnectDB -->
  <testcase name="@AfterSuite disconnectDB" time="0.0" classname="com.crm.SDET26.genericUtility.BaseClass">
    <ignored/>
  </testcase> <!-- @AfterSuite disconnectDB -->
  <testcase name="@AfterSuite disconnectDB" time="0.0" classname="com.crm.SDET26.genericUtility.BaseClass">
    <ignored/>
  </testcase> <!-- @AfterSuite disconnectDB -->
  <testcase name="@AfterSuite disconnectDB" time="0.0" classname="com.crm.SDET26.genericUtility.BaseClass">
    <ignored/>
  </testcase> <!-- @AfterSuite disconnectDB -->
  <testcase name="createOpportunitywithSalesStageClosedLost" time="0.0" classname="com.crm.SDET26.Opportunity.CreateOpportunitywithSalesStageClosedLost">
    <ignored/>
  </testcase> <!-- createOpportunitywithSalesStageClosedLost -->
</testsuite> <!-- DemoTest -->
