<?xml version="1.0" encoding="UTF-8"?>
<!-- Generated by org.testng.reporters.JUnitXMLReporter -->
<testsuite hostname="Chan" ignored="10" name="Testrunner1" tests="6" failures="0" timestamp="06 Dec 2021 16:10:32 GMT" time="130.779" errors="0">
  <testcase name="createOpportunityWithSalesStageProposalOrPriceQuote" time="51.598" classname="com.crm.SDET26.Opportunity.CreateOpportunityWithSalesStageProposalOrPriceQuote"/>
  <testcase name="createOpportunitywithSalesStageClosedLost" time="52.098" classname="com.crm.SDET26.Opportunity.CreateOpportunitywithSalesStageClosedLost"/>
  <testcase name="clickOnCancelAndAlltheFillsClearedorNot" time="60.483" classname="com.crm.SDET26.Opportunity.ClickOnCancelAndAllTheFillsAreClearOrNot"/>
  <testcase name="createOpportunitywithSalesStageNegotiationOrReview" time="18.871" classname="com.crm.SDET26.Opportunity.CreateOpportunitywithSalesStageNegotiationOrReview"/>
  <testcase name="cickOnSaveAndAllTheFillSareSaveOrNot" time="18.315" classname="com.crm.SDET26.Opportunity.ClickOnSaveAndAllTheFillSareSaveOrNot"/>
  <testcase name="createOpportunitywithSalesStageClosedWon" time="21.721" classname="com.crm.SDET26.Opportunity.CreateOpportunitywithSalesStageClosedWon"/>
  <testcase name="@BeforeSuite dataBaseConnection" time="0.0" classname="com.crm.SDET26.genericUtility.BaseClass">
    <ignored/>
  </testcase> <!-- @BeforeSuite dataBaseConnection -->
  <testcase name="@BeforeSuite dataBaseConnection" time="0.0" classname="com.crm.SDET26.genericUtility.BaseClass">
    <ignored/>
  </testcase> <!-- @BeforeSuite dataBaseConnection -->
  <testcase name="@BeforeSuite dataBaseConnection" time="0.0" classname="com.crm.SDET26.genericUtility.BaseClass">
    <ignored/>
  </testcase> <!-- @BeforeSuite dataBaseConnection -->
  <testcase name="@BeforeSuite dataBaseConnection" time="0.0" classname="com.crm.SDET26.genericUtility.BaseClass">
    <ignored/>
  </testcase> <!-- @BeforeSuite dataBaseConnection -->
  <testcase name="@BeforeSuite dataBaseConnection" time="0.0" classname="com.crm.SDET26.genericUtility.BaseClass">
    <ignored/>
  </testcase> <!-- @BeforeSuite dataBaseConnection -->
  <testcase name="@AfterSuite disconnectDB" time="0.0" classname="com.crm.SDET26.genericUtility.BaseClass">
    <ignored/>
  </testcase> <!-- @AfterSuite disconnectDB -->
  <testcase name="@AfterSuite disconnectDB" time="0.0" classname="com.crm.SDET26.genericUtility.BaseClass">
    <ignored/>
  </testcase> <!-- @AfterSuite disconnectDB -->
  <testcase name="@AfterSuite disconnectDB" time="0.0" classname="com.crm.SDET26.genericUtility.BaseClass">
    <ignored/>
  </testcase> <!-- @AfterSuite disconnectDB -->
  <testcase name="@AfterSuite disconnectDB" time="0.0" classname="com.crm.SDET26.genericUtility.BaseClass">
    <ignored/>
  </testcase> <!-- @AfterSuite disconnectDB -->
  <testcase name="@AfterSuite disconnectDB" time="0.0" classname="com.crm.SDET26.genericUtility.BaseClass">
    <ignored/>
  </testcase> <!-- @AfterSuite disconnectDB -->
</testsuite> <!-- Testrunner1 -->
