<?xml version="1.0" encoding="UTF-8"?>
<testng-results skipped="0" failed="0" ignored="0" total="1" passed="1">
  <reporter-output>
  </reporter-output>
  <suite name="Default suite" duration-ms="31120" started-at="2021-12-11T06:17:53Z" finished-at="2021-12-11T06:18:24Z">
    <groups>
      <group name="SmokeTest">
        <method signature="ClickOnCancelAndAllTheFillsAreClearOrNotTest.clickOnCancelAndAlltheFillsClearedorNot()[pri:0, instance:com.crm.SDET26.Opportunity.ClickOnCancelAndAllTheFillsAreClearOrNotTest@42e26948]" name="clickOnCancelAndAlltheFillsClearedorNot" class="com.crm.SDET26.Opportunity.ClickOnCancelAndAllTheFillsAreClearOrNotTest"/>
      </group> <!-- SmokeTest -->
    </groups>
    <test name="Default test" duration-ms="31120" started-at="2021-12-11T06:17:53Z" finished-at="2021-12-11T06:18:24Z">
      <class name="com.crm.SDET26.Opportunity.ClickOnCancelAndAllTheFillsAreClearOrNotTest">
        <test-method status="PASS" signature="dataBaseConnection()[pri:0, instance:com.crm.SDET26.Opportunity.ClickOnCancelAndAllTheFillsAreClearOrNotTest@42e26948]" name="dataBaseConnection" is-config="true" duration-ms="0" started-at="2021-12-11T06:17:53Z" finished-at="2021-12-11T06:17:53Z">
          <reporter-output>
          </reporter-output>
        </test-method> <!-- dataBaseConnection -->
        <test-method status="PASS" signature="browserLaunch()[pri:0, instance:com.crm.SDET26.Opportunity.ClickOnCancelAndAllTheFillsAreClearOrNotTest@42e26948]" name="browserLaunch" is-config="true" duration-ms="3190" started-at="2021-12-11T06:17:53Z" finished-at="2021-12-11T06:17:56Z">
          <reporter-output>
          </reporter-output>
        </test-method> <!-- browserLaunch -->
        <test-method status="PASS" signature="login()[pri:0, instance:com.crm.SDET26.Opportunity.ClickOnCancelAndAllTheFillsAreClearOrNotTest@42e26948]" name="login" is-config="true" duration-ms="3208" started-at="2021-12-11T06:17:56Z" finished-at="2021-12-11T06:18:00Z">
          <reporter-output>
          </reporter-output>
        </test-method> <!-- login -->
        <test-method status="PASS" signature="clickOnCancelAndAlltheFillsClearedorNot()[pri:0, instance:com.crm.SDET26.Opportunity.ClickOnCancelAndAllTheFillsAreClearOrNotTest@42e26948]" name="clickOnCancelAndAlltheFillsClearedorNot" duration-ms="22790" started-at="2021-12-11T06:18:00Z" finished-at="2021-12-11T06:18:22Z">
          <reporter-output>
          </reporter-output>
        </test-method> <!-- clickOnCancelAndAlltheFillsClearedorNot -->
        <test-method status="PASS" signature="logout()[pri:0, instance:com.crm.SDET26.Opportunity.ClickOnCancelAndAllTheFillsAreClearOrNotTest@42e26948]" name="logout" is-config="true" duration-ms="1220" started-at="2021-12-11T06:18:22Z" finished-at="2021-12-11T06:18:24Z">
          <reporter-output>
          </reporter-output>
        </test-method> <!-- logout -->
        <test-method status="PASS" signature="closeBrowser()[pri:0, instance:com.crm.SDET26.Opportunity.ClickOnCancelAndAllTheFillsAreClearOrNotTest@42e26948]" name="closeBrowser" is-config="true" duration-ms="690" started-at="2021-12-11T06:18:24Z" finished-at="2021-12-11T06:18:24Z">
          <reporter-output>
          </reporter-output>
        </test-method> <!-- closeBrowser -->
        <test-method status="PASS" signature="disconnectDB()[pri:0, instance:com.crm.SDET26.Opportunity.ClickOnCancelAndAllTheFillsAreClearOrNotTest@42e26948]" name="disconnectDB" is-config="true" duration-ms="0" started-at="2021-12-11T06:18:24Z" finished-at="2021-12-11T06:18:24Z">
          <reporter-output>
          </reporter-output>
        </test-method> <!-- disconnectDB -->
      </class> <!-- com.crm.SDET26.Opportunity.ClickOnCancelAndAllTheFillsAreClearOrNotTest -->
    </test> <!-- Default test -->
  </suite> <!-- Default suite -->
</testng-results>
